
VCFtools - 0.1.16
(C) Adam Auton and Anthony Marcketta 2009

Parameters as interpreted:
	--gzvcf ./data/interim/G1K_chr22_biallelic.vcf.gz
	--remove ./data/external/test_100_samples.txt
	--recode-INFO-all
	--out ./data/train/G1K_chr22_biallelic_train
	--recode

Using zlib version: 1.2.11
Warning: Expected at least 2 parts in INFO entry: ID=MEINFO,Number=4,Type=String,Description="Mobile element info of the form NAME,START,END<POLARITY; If there is only 5' OR 3' support for this call, will be NULL NULL for START and END">
Warning: Expected at least 2 parts in INFO entry: ID=MEINFO,Number=4,Type=String,Description="Mobile element info of the form NAME,START,END<POLARITY; If there is only 5' OR 3' support for this call, will be NULL NULL for START and END">
Warning: Expected at least 2 parts in INFO entry: ID=MEINFO,Number=4,Type=String,Description="Mobile element info of the form NAME,START,END<POLARITY; If there is only 5' OR 3' support for this call, will be NULL NULL for START and END">
Warning: Expected at least 2 parts in INFO entry: ID=SVLEN,Number=.,Type=Integer,Description="SV length. It is only calculated for structural variation MEIs. For other types of SVs; one may calculate the SV length by INFO:END-START+1, or by finding the difference between lengthes of REF and ALT alleles">
Warning: Expected at least 2 parts in INFO entry: ID=TSD,Number=1,Type=String,Description="Precise Target Site Duplication for bases, if unknown, value will be NULL">
Warning: Expected at least 2 parts in INFO entry: ID=TSD,Number=1,Type=String,Description="Precise Target Site Duplication for bases, if unknown, value will be NULL">
Warning: Expected at least 2 parts in INFO entry: ID=AF,Number=A,Type=Float,Description="Estimated allele frequency in the range (0,1)">
Warning: Expected at least 2 parts in INFO entry: ID=EAS_AF,Number=A,Type=Float,Description="Allele frequency in the EAS populations calculated from AC and AN, in the range (0,1)">
Warning: Expected at least 2 parts in INFO entry: ID=EAS_AF,Number=A,Type=Float,Description="Allele frequency in the EAS populations calculated from AC and AN, in the range (0,1)">
Warning: Expected at least 2 parts in INFO entry: ID=EUR_AF,Number=A,Type=Float,Description="Allele frequency in the EUR populations calculated from AC and AN, in the range (0,1)">
Warning: Expected at least 2 parts in INFO entry: ID=EUR_AF,Number=A,Type=Float,Description="Allele frequency in the EUR populations calculated from AC and AN, in the range (0,1)">
Warning: Expected at least 2 parts in INFO entry: ID=AFR_AF,Number=A,Type=Float,Description="Allele frequency in the AFR populations calculated from AC and AN, in the range (0,1)">
Warning: Expected at least 2 parts in INFO entry: ID=AFR_AF,Number=A,Type=Float,Description="Allele frequency in the AFR populations calculated from AC and AN, in the range (0,1)">
Warning: Expected at least 2 parts in INFO entry: ID=AMR_AF,Number=A,Type=Float,Description="Allele frequency in the AMR populations calculated from AC and AN, in the range (0,1)">
Warning: Expected at least 2 parts in INFO entry: ID=AMR_AF,Number=A,Type=Float,Description="Allele frequency in the AMR populations calculated from AC and AN, in the range (0,1)">
Warning: Expected at least 2 parts in INFO entry: ID=SAS_AF,Number=A,Type=Float,Description="Allele frequency in the SAS populations calculated from AC and AN, in the range (0,1)">
Warning: Expected at least 2 parts in INFO entry: ID=SAS_AF,Number=A,Type=Float,Description="Allele frequency in the SAS populations calculated from AC and AN, in the range (0,1)">
Warning: Expected at least 2 parts in INFO entry: ID=DP,Number=1,Type=Integer,Description="Total read depth; only low coverage data were counted towards the DP, exome data were not used">
Warning: Expected at least 2 parts in INFO entry: ID=AA,Number=1,Type=String,Description="Ancestral Allele. Format: AA|REF|ALT|IndelType. AA: Ancestral allele, REF:Reference Allele, ALT:Alternate Allele, IndelType:Type of Indel (REF, ALT and IndelType are only defined for indels)">
Warning: Expected at least 2 parts in INFO entry: ID=AA,Number=1,Type=String,Description="Ancestral Allele. Format: AA|REF|ALT|IndelType. AA: Ancestral allele, REF:Reference Allele, ALT:Alternate Allele, IndelType:Type of Indel (REF, ALT and IndelType are only defined for indels)">
Warning: Expected at least 2 parts in INFO entry: ID=AA,Number=1,Type=String,Description="Ancestral Allele. Format: AA|REF|ALT|IndelType. AA: Ancestral allele, REF:Reference Allele, ALT:Alternate Allele, IndelType:Type of Indel (REF, ALT and IndelType are only defined for indels)">
Warning: Expected at least 2 parts in INFO entry: ID=AA,Number=1,Type=String,Description="Ancestral Allele. Format: AA|REF|ALT|IndelType. AA: Ancestral allele, REF:Reference Allele, ALT:Alternate Allele, IndelType:Type of Indel (REF, ALT and IndelType are only defined for indels)">
Excluding individuals in 'exclude' list
After filtering, kept 2404 out of 2504 Individuals
Outputting VCF file...
After filtering, kept 1055454 out of a possible 1055454 Sites
Run Time = 1963.00 seconds
